2016-11-17 14:15:00.868 [net.sf.ehcache.CacheManager@3e6d7c3d] INFO  UpdateChecker - New update(s) found: 2.4.7 [http://www.terracotta.org/confluence/display/release/Release+Notes+Ehcache+Core+2.4]. Please check http://ehcache.org for the latest version.
2016-11-17 14:15:05.989 [http-80-1] INFO  BaseController - [0:0:0:0:0:0:0:1]    -- /alipay/index  --  
2016-11-17 14:15:06.475 [http-80-2] INFO  BaseController - [0:0:0:0:0:0:0:1]    -- /alipay/index  --  
2016-11-17 14:15:07.118 [http-80-3] INFO  BaseController - [0:0:0:0:0:0:0:1]  back home
2016-11-17 14:15:09.552 [http-80-1] INFO  BaseController - [0:0:0:0:0:0:0:1]  back list
2016-11-17 14:15:39.366 [http-80-5] INFO  BaseController - [0:0:0:0:0:0:0:1]  back list
2016-11-17 14:15:41.013 [http-80-2] INFO  BaseController - [0:0:0:0:0:0:0:1]  back list
2016-11-17 14:22:45.515 [http-80-6] INFO  BaseController - [0:0:0:0:0:0:0:1]    -- /alipay/index  --  
2016-11-17 14:22:45.850 [http-80-2] INFO  BaseController - [0:0:0:0:0:0:0:1]  back home
2016-11-17 14:23:08.030 [net.sf.ehcache.CacheManager@9175caf] INFO  UpdateChecker - New update(s) found: 2.4.7 [http://www.terracotta.org/confluence/display/release/Release+Notes+Ehcache+Core+2.4]. Please check http://ehcache.org for the latest version.
2016-11-17 14:23:22.723 [http-80-1] INFO  BaseController - [0:0:0:0:0:0:0:1]    -- /alipay/index  --  
2016-11-17 14:23:23.260 [http-80-6] INFO  BaseController - [0:0:0:0:0:0:0:1]  back home
2016-11-17 14:42:25.454 [net.sf.ehcache.CacheManager@29a44b92] INFO  UpdateChecker - New update(s) found: 2.4.7 [http://www.terracotta.org/confluence/display/release/Release+Notes+Ehcache+Core+2.4]. Please check http://ehcache.org for the latest version.
2016-11-17 14:43:36.513 [http-80-1] INFO  BaseController - [0:0:0:0:0:0:0:1]  back list
2016-11-17 14:43:38.158 [http-80-1] INFO  BaseController - [0:0:0:0:0:0:0:1]  back list
2016-11-17 14:44:34.011 [http-80-2] INFO  BaseController - [0:0:0:0:0:0:0:1]  back list
2016-11-17 14:44:36.054 [http-80-2] INFO  BaseController - [0:0:0:0:0:0:0:1] alipayMenu back list
2016-11-17 14:47:41.347 [net.sf.ehcache.CacheManager@5e9c6165] INFO  UpdateChecker - New update(s) found: 2.4.7 [http://www.terracotta.org/confluence/display/release/Release+Notes+Ehcache+Core+2.4]. Please check http://ehcache.org for the latest version.
2016-11-17 14:52:44.969 [net.sf.ehcache.CacheManager@aae76ff] INFO  UpdateChecker - New update(s) found: 2.4.7 [http://www.terracotta.org/confluence/display/release/Release+Notes+Ehcache+Core+2.4]. Please check http://ehcache.org for the latest version.
2016-11-17 14:53:01.023 [http-80-1] INFO  BaseController - [0:0:0:0:0:0:0:1]    -- /alipay/index  --  
2016-11-17 14:53:01.571 [http-80-2] INFO  BaseController - [0:0:0:0:0:0:0:1]    -- /alipay/index  --  
2016-11-17 14:53:01.935 [http-80-2] INFO  BaseController - [0:0:0:0:0:0:0:1]  back home
2016-11-17 14:53:28.106 [http-80-6] INFO  BaseController - [0:0:0:0:0:0:0:1]  back list
2016-11-17 14:53:29.414 [http-80-6] INFO  BaseController - [0:0:0:0:0:0:0:1]  back list
2016-11-17 14:53:34.249 [http-80-6] INFO  BaseController - [0:0:0:0:0:0:0:1]  back list
2016-11-17 14:53:45.680 [http-80-6] INFO  BaseController - [0:0:0:0:0:0:0:1]  back list
2016-11-17 14:54:06.027 [http-80-3] INFO  BaseController - [0:0:0:0:0:0:0:1]  back list
2016-11-17 14:54:12.003 [http-80-6] INFO  BaseController - [0:0:0:0:0:0:0:1]  back list
2016-11-17 14:54:14.430 [http-80-6] INFO  BaseController - [0:0:0:0:0:0:0:1]  back list
2016-11-17 14:54:16.870 [http-80-6] INFO  BaseController - [0:0:0:0:0:0:0:1]  back list
2016-11-17 14:54:19.665 [http-80-6] INFO  BaseController - [0:0:0:0:0:0:0:1]  back list
2016-11-17 14:54:22.781 [http-80-6] INFO  BaseController - [0:0:0:0:0:0:0:1]  back list
2016-11-17 14:54:26.073 [http-80-6] INFO  BaseController - [0:0:0:0:0:0:0:1]  back list
2016-11-17 14:54:29.568 [http-80-6] INFO  BaseController - [0:0:0:0:0:0:0:1]  back list
2016-11-17 14:54:30.644 [http-80-6] INFO  BaseController - [0:0:0:0:0:0:0:1]  back list
2016-11-17 14:55:44.416 [http-80-4] INFO  BaseController - [0:0:0:0:0:0:0:1]  back list
2016-11-17 14:55:49.419 [http-80-2] INFO  BaseController - [0:0:0:0:0:0:0:1] alipayMenu back list
2016-11-17 14:55:51.835 [http-80-1] INFO  BaseController - [0:0:0:0:0:0:0:1]  back list
2016-11-17 14:55:54.352 [http-80-6] INFO  BaseController - [0:0:0:0:0:0:0:1]  back list
2016-11-17 14:55:55.769 [http-80-5] INFO  BaseController - [0:0:0:0:0:0:0:1]  back list
2016-11-17 14:55:58.307 [http-80-5] INFO  BaseController - [0:0:0:0:0:0:0:1]  back list
2016-11-17 14:56:01.999 [http-80-5] INFO  BaseController - [0:0:0:0:0:0:0:1]  back list
2016-11-17 14:56:05.775 [http-80-5] INFO  BaseController - [0:0:0:0:0:0:0:1]  back list
2016-11-17 14:56:48.167 [http-80-6] INFO  BaseController - [0:0:0:0:0:0:0:1]  back list
2016-11-17 14:56:48.823 [http-80-4] INFO  BaseController - [0:0:0:0:0:0:0:1]  back list
2016-11-17 14:56:52.743 [http-80-1] INFO  BaseController - [0:0:0:0:0:0:0:1]  back list
2016-11-17 14:56:55.852 [http-80-5] INFO  BaseController - [0:0:0:0:0:0:0:1]  back list
2016-11-17 14:57:09.940 [http-80-6] INFO  BaseController - [0:0:0:0:0:0:0:1]  back list
2016-11-17 14:57:10.380 [http-80-1] INFO  BaseController - [0:0:0:0:0:0:0:1]  back list
2016-11-17 14:57:15.842 [http-80-1] INFO  BaseController - [0:0:0:0:0:0:0:1]  back list
2016-11-17 14:57:17.007 [http-80-1] INFO  BaseController - [0:0:0:0:0:0:0:1]  back list
2016-11-17 14:57:17.259 [http-80-1] INFO  BaseController - [0:0:0:0:0:0:0:1]  back list
2016-11-17 14:57:18.399 [http-80-1] INFO  BaseController - [0:0:0:0:0:0:0:1]  back list
2016-11-17 14:57:31.731 [http-80-6] INFO  BaseController - [0:0:0:0:0:0:0:1]  back list
2016-11-17 14:57:35.298 [http-80-6] INFO  BaseController - [0:0:0:0:0:0:0:1]  back list
2016-11-17 14:57:37.715 [http-80-6] INFO  BaseController - [0:0:0:0:0:0:0:1]  back list
2016-11-17 14:57:39.633 [http-80-6] INFO  BaseController - [0:0:0:0:0:0:0:1]  back list
2016-11-17 14:57:54.223 [http-80-4] INFO  BaseController - [0:0:0:0:0:0:0:1]  back list
2016-11-17 14:57:57.627 [http-80-1] INFO  BaseController - [0:0:0:0:0:0:0:1]  back list
2016-11-17 14:58:00.382 [http-80-5] INFO  BaseController - [0:0:0:0:0:0:0:1]  back list
2016-11-17 14:58:01.614 [http-80-3] INFO  BaseController - [0:0:0:0:0:0:0:1]  back list
2016-11-17 14:58:03.108 [http-80-3] INFO  BaseController - [0:0:0:0:0:0:0:1]  back list
2016-11-17 14:58:18.389 [http-80-3] INFO  BaseController - [0:0:0:0:0:0:0:1]  back list
2016-11-17 14:58:22.094 [http-80-3] INFO  BaseController - [0:0:0:0:0:0:0:1]  back list
2016-11-17 14:58:24.277 [http-80-3] INFO  BaseController - [0:0:0:0:0:0:0:1]  back list
2016-11-17 14:59:13.981 [http-80-3] INFO  BaseController - [0:0:0:0:0:0:0:1]  back list
2016-11-17 14:59:47.152 [http-80-3] INFO  BaseController - [0:0:0:0:0:0:0:1] alipayMenu back list
2016-11-17 14:59:55.329 [http-80-3] INFO  BaseController - [0:0:0:0:0:0:0:1] alipayMenu back list
2016-11-17 15:00:01.978 [http-80-3] INFO  BaseController - [0:0:0:0:0:0:0:1] alipayMenu back list
2016-11-17 15:00:10.244 [http-80-3] INFO  BaseController - [0:0:0:0:0:0:0:1] alipayMenu back list
2016-11-17 15:00:15.679 [http-80-3] INFO  BaseController - [0:0:0:0:0:0:0:1] alipayMenu back list
2016-11-17 15:00:22.322 [http-80-3] INFO  BaseController - [0:0:0:0:0:0:0:1] alipayMenu back list
2016-11-17 15:00:37.695 [http-80-3] INFO  BaseController - [0:0:0:0:0:0:0:1]  back list
2016-11-17 15:02:27.648 [net.sf.ehcache.CacheManager@7e292531] INFO  UpdateChecker - New update(s) found: 2.4.7 [http://www.terracotta.org/confluence/display/release/Release+Notes+Ehcache+Core+2.4]. Please check http://ehcache.org for the latest version.
2016-11-17 15:03:41.239 [http-80-1] INFO  BaseController - [0:0:0:0:0:0:0:1]    -- /alipay/index  --  
2016-11-17 15:03:41.727 [http-80-6] INFO  BaseController - [0:0:0:0:0:0:0:1]  back home
2016-11-17 15:06:42.295 [http-80-1] INFO  BaseController - [0:0:0:0:0:0:0:1]    -- /alipay/index  --  
2016-11-17 15:06:42.558 [http-80-1] INFO  BaseController - [0:0:0:0:0:0:0:1]  back home
2016-11-17 15:06:44.494 [http-80-1] INFO  BaseController - [0:0:0:0:0:0:0:1]  back list
2016-11-17 15:06:45.400 [http-80-5] INFO  BaseController - [0:0:0:0:0:0:0:1]  back list
2016-11-17 15:06:47.090 [http-80-6] INFO  BaseController - [0:0:0:0:0:0:0:1]  back list
2016-11-17 15:06:48.168 [http-80-3] INFO  BaseController - [0:0:0:0:0:0:0:1]  back list
2016-11-17 15:06:49.121 [http-80-2] INFO  BaseController - [0:0:0:0:0:0:0:1]  back list
2016-11-17 15:06:59.867 [http-80-2] INFO  BaseController - [0:0:0:0:0:0:0:1]  back list
2016-11-17 15:07:01.432 [http-80-2] INFO  BaseController - [0:0:0:0:0:0:0:1]  back list
2016-11-17 15:07:09.561 [http-80-2] INFO  BaseController - [0:0:0:0:0:0:0:1]  back list
2016-11-17 15:07:48.765 [http-80-2] INFO  BaseController - [0:0:0:0:0:0:0:1]  back list
2016-11-17 15:07:59.406 [http-80-2] INFO  BaseController - [0:0:0:0:0:0:0:1]  back list
2016-11-17 15:08:11.002 [http-80-3] INFO  BaseController - [0:0:0:0:0:0:0:1]  back list
2016-11-17 15:08:12.965 [http-80-3] INFO  BaseController - [0:0:0:0:0:0:0:1]  back list
2016-11-17 15:08:13.612 [http-80-3] INFO  BaseController - [0:0:0:0:0:0:0:1]  back list
2016-11-17 15:08:13.797 [http-80-3] INFO  BaseController - [0:0:0:0:0:0:0:1]  back list
2016-11-17 15:09:59.366 [http-80-6] INFO  BaseController - [0:0:0:0:0:0:0:1]  back list
2016-11-17 15:10:01.282 [http-80-6] INFO  BaseController - [0:0:0:0:0:0:0:1]  back list
2016-11-17 15:10:02.400 [http-80-6] INFO  BaseController - [0:0:0:0:0:0:0:1]  back list
2016-11-17 15:10:03.524 [http-80-6] INFO  BaseController - [0:0:0:0:0:0:0:1]  back list
2016-11-17 15:13:24.693 [http-80-6] INFO  BaseController - [0:0:0:0:0:0:0:1]    -- /alipay/index  --  
2016-11-17 15:13:24.965 [http-80-1] INFO  BaseController - [0:0:0:0:0:0:0:1]  back home
2016-11-17 15:13:26.776 [http-80-1] INFO  BaseController - [0:0:0:0:0:0:0:1]  back list
2016-11-17 15:13:27.516 [http-80-4] INFO  BaseController - [0:0:0:0:0:0:0:1]  back list
2016-11-17 15:13:30.193 [http-80-2] INFO  BaseController - [0:0:0:0:0:0:0:1]  back list
2016-11-17 15:14:16.792 [net.sf.ehcache.CacheManager@5dc3bb63] INFO  UpdateChecker - New update(s) found: 2.4.7 [http://www.terracotta.org/confluence/display/release/Release+Notes+Ehcache+Core+2.4]. Please check http://ehcache.org for the latest version.
2016-11-17 15:14:19.687 [http-80-1] INFO  BaseController - [0:0:0:0:0:0:0:1]    -- /alipay/index  --  
2016-11-17 15:14:20.100 [http-80-4] INFO  BaseController - [0:0:0:0:0:0:0:1]  back home
2016-11-17 15:14:25.339 [http-80-2] INFO  BaseController - [0:0:0:0:0:0:0:1]  back list
2016-11-17 15:14:33.996 [http-80-5] INFO  BaseController - [0:0:0:0:0:0:0:1]  back list
2016-11-17 15:14:34.961 [http-80-6] INFO  BaseController - [0:0:0:0:0:0:0:1]  back list
2016-11-17 15:14:35.810 [http-80-4] INFO  BaseController - [0:0:0:0:0:0:0:1]  back list
2016-11-17 15:14:38.165 [http-80-4] INFO  BaseController - [0:0:0:0:0:0:0:1]  back list
2016-11-17 15:14:39.487 [http-80-4] INFO  BaseController - [0:0:0:0:0:0:0:1]  back list
2016-11-17 15:14:41.547 [http-80-4] INFO  BaseController - [0:0:0:0:0:0:0:1]  back list
2016-11-17 15:14:42.658 [http-80-4] INFO  BaseController - [0:0:0:0:0:0:0:1]  back list
2016-11-17 15:14:48.755 [http-80-4] INFO  BaseController - [0:0:0:0:0:0:0:1]  back list
2016-11-17 15:14:50.445 [http-80-4] INFO  BaseController - [0:0:0:0:0:0:0:1]  back list
2016-11-17 15:15:41.182 [http-80-4] INFO  BaseController - [0:0:0:0:0:0:0:1]  back list
2016-11-17 15:15:41.983 [http-80-4] INFO  BaseController - [0:0:0:0:0:0:0:1]  back list
2016-11-17 15:15:43.006 [http-80-4] INFO  BaseController - [0:0:0:0:0:0:0:1] alipayMenu back list
2016-11-17 15:15:43.649 [http-80-4] INFO  BaseController - [0:0:0:0:0:0:0:1]  back list
2016-11-17 15:15:45.678 [http-80-4] INFO  BaseController - [0:0:0:0:0:0:0:1]  back list
2016-11-17 15:15:46.132 [http-80-4] INFO  BaseController - [0:0:0:0:0:0:0:1]  back list
2016-11-17 15:15:47.540 [http-80-4] INFO  BaseController - [0:0:0:0:0:0:0:1]  back list
2016-11-17 15:15:48.069 [http-80-4] INFO  BaseController - [0:0:0:0:0:0:0:1]  back list
2016-11-17 15:15:48.981 [http-80-4] INFO  BaseController - [0:0:0:0:0:0:0:1]  back list
2016-11-17 15:18:56.863 [net.sf.ehcache.CacheManager@f751b15] INFO  UpdateChecker - New update(s) found: 2.4.7 [http://www.terracotta.org/confluence/display/release/Release+Notes+Ehcache+Core+2.4]. Please check http://ehcache.org for the latest version.
2016-11-17 15:18:59.418 [http-80-1] INFO  BaseController - [0:0:0:0:0:0:0:1]    -- /alipay/index  --  
2016-11-17 15:18:59.905 [http-80-4] INFO  BaseController - [0:0:0:0:0:0:0:1]  back home
