2016-11-14 12:20:08.593 [net.sf.ehcache.CacheManager@61bc2555] INFO  UpdateChecker - New update(s) found: 2.4.7 [http://www.terracotta.org/confluence/display/release/Release+Notes+Ehcache+Core+2.4]. Please check http://ehcache.org for the latest version.
2016-11-14 12:20:19.642 [http-80-1] INFO  BaseController - [0:0:0:0:0:0:0:1]    -- /alipay/index  --  
2016-11-14 12:20:20.061 [http-80-1] INFO  BaseController - [0:0:0:0:0:0:0:1]  back home
2016-11-14 12:20:22.122 [http-80-2] INFO  BaseController - [0:0:0:0:0:0:0:1]  back list
2016-11-14 12:20:23.769 [http-80-3] INFO  BaseController - [0:0:0:0:0:0:0:1]  back list
2016-11-14 12:20:55.703 [http-80-3] INFO  BaseController - [0:0:0:0:0:0:0:1]  back list
2016-11-14 12:20:57.263 [http-80-3] INFO  BaseController - [0:0:0:0:0:0:0:1]  back list
2016-11-14 12:20:58.192 [http-80-3] INFO  BaseController - [0:0:0:0:0:0:0:1] alipayMenu back list
2016-11-14 12:20:59.976 [http-80-3] INFO  BaseController - [0:0:0:0:0:0:0:1]  back list
2016-11-14 12:21:01.004 [http-80-3] INFO  BaseController - [0:0:0:0:0:0:0:1]  back list
2016-11-14 12:21:02.856 [http-80-3] INFO  BaseController - [0:0:0:0:0:0:0:1]  back list
2016-11-14 12:21:03.614 [http-80-3] INFO  BaseController - [0:0:0:0:0:0:0:1]  back list
2016-11-14 12:21:05.234 [http-80-3] INFO  BaseController - [0:0:0:0:0:0:0:1]  back list
2016-11-14 12:21:06.931 [http-80-3] INFO  BaseController - [0:0:0:0:0:0:0:1]  back list
2016-11-14 12:23:18.781 [net.sf.ehcache.CacheManager@51962e40] INFO  UpdateChecker - New update(s) found: 2.4.7 [http://www.terracotta.org/confluence/display/release/Release+Notes+Ehcache+Core+2.4]. Please check http://ehcache.org for the latest version.
2016-11-14 12:23:25.307 [http-80-1] INFO  BaseController - [0:0:0:0:0:0:0:1]    -- /alipay/index  --  
2016-11-14 12:23:25.462 [http-80-1] INFO  BaseController - [0:0:0:0:0:0:0:1]  back home
2016-11-14 12:23:27.135 [http-80-2] INFO  BaseController - [0:0:0:0:0:0:0:1]  back list
2016-11-14 12:23:30.435 [http-80-3] INFO  BaseController - [0:0:0:0:0:0:0:1]  back list
2016-11-14 12:23:31.322 [http-80-4] INFO  BaseController - [0:0:0:0:0:0:0:1]  back list
2016-11-14 12:23:32.442 [http-80-5] INFO  BaseController - [0:0:0:0:0:0:0:1] alipayMenu back list
2016-11-14 12:23:36.346 [http-80-6] INFO  BaseController - [0:0:0:0:0:0:0:1]  back list
2016-11-14 12:23:37.056 [http-80-6] INFO  BaseController - [0:0:0:0:0:0:0:1]  back list
2016-11-14 12:23:38.707 [http-80-6] INFO  BaseController - [0:0:0:0:0:0:0:1]  back list
2016-11-14 12:23:39.660 [http-80-6] INFO  BaseController - [0:0:0:0:0:0:0:1]  back list
2016-11-14 12:23:41.635 [http-80-6] INFO  BaseController - [0:0:0:0:0:0:0:1]  back list
2016-11-14 12:23:42.708 [http-80-6] INFO  BaseController - [0:0:0:0:0:0:0:1]  back list
2016-11-14 12:23:52.281 [http-80-6] INFO  BaseController - [0:0:0:0:0:0:0:1]  back list
2016-11-14 14:45:48.178 [http-80-6] INFO  BaseController - [0:0:0:0:0:0:0:1]    -- /alipay/index  --  
2016-11-14 14:45:48.589 [http-80-6] INFO  BaseController - [0:0:0:0:0:0:0:1]  back home
2016-11-14 14:45:54.597 [http-80-6] INFO  BaseController - [0:0:0:0:0:0:0:1]    -- /alipay/index  --  
2016-11-14 14:46:03.536 [http-80-11] INFO  BaseController - [0:0:0:0:0:0:0:1]  back home
2016-11-14 15:00:12.177 [http-80-10] INFO  BaseController - [0:0:0:0:0:0:0:1]  back list
2016-11-14 15:00:53.259 [http-80-10] INFO  BaseController - [0:0:0:0:0:0:0:1]  back list
